<?xml version="1.0" encoding="UTF-8"?>
<!-- Generated by org.testng.reporters.JUnitXMLReporter -->
<testsuite hostname="KhajaZakiUddin" name="Regression Funional Sanity Test" tests="4" failures="0" timestamp="3 Mar 2022 09:21:53 GMT" time="27.345" errors="0">
  <testcase name="verifyLoginPageHeaderTest" time="0.207" classname="com.qa.hubspot.test.LoginPageTest"/>
  <testcase name="verifyLoginPageTitleTest" time="0.023" classname="com.qa.hubspot.test.LoginPageTest"/>
  <testcase name="loginTest" time="8.91" classname="com.qa.hubspot.test.LoginPageTest"/>
  <testcase name="logOutofApp" time="6.458" classname="com.qa.hubspot.test.LoginPageTest"/>
</testsuite> <!-- Regression Funional Sanity Test -->
