<?xml version="1.0" encoding="UTF-8"?>
<testng-results skipped="0" failed="0" total="1" passed="1">
  <reporter-output>
  </reporter-output>
  <suite name="Default suite" duration-ms="27178" started-at="2022-03-03T09:20:26Z" finished-at="2022-03-03T09:20:53Z">
    <groups>
    </groups>
    <test name="Default test" duration-ms="27178" started-at="2022-03-03T09:20:26Z" finished-at="2022-03-03T09:20:53Z">
      <class name="com.qa.hubspot.test.LoginPageTest">
        <test-method status="PASS" signature="setUp()[pri:0, instance:com.qa.hubspot.test.LoginPageTest@27c86f2d]" name="setUp" is-config="true" duration-ms="12446" started-at="2022-03-03T14:50:26Z" finished-at="2022-03-03T14:50:38Z">
          <reporter-output>
          </reporter-output>
        </test-method> <!-- setUp -->
        <test-method status="PASS" signature="loginTest()[pri:3, instance:com.qa.hubspot.test.LoginPageTest@27c86f2d]" name="loginTest" duration-ms="12809" started-at="2022-03-03T14:50:38Z" finished-at="2022-03-03T14:50:51Z">
          <reporter-output>
          </reporter-output>
        </test-method> <!-- loginTest -->
        <test-method status="PASS" signature="tearDown()[pri:0, instance:com.qa.hubspot.test.LoginPageTest@27c86f2d]" name="tearDown" is-config="true" duration-ms="721" started-at="2022-03-03T14:50:52Z" finished-at="2022-03-03T14:50:53Z">
          <reporter-output>
          </reporter-output>
        </test-method> <!-- tearDown -->
      </class> <!-- com.qa.hubspot.test.LoginPageTest -->
    </test> <!-- Default test -->
  </suite> <!-- Default suite -->
</testng-results>
